=== apps/app-conductor/tests/android/sprint-c4-static.test.mjs ===
Sprint C4 static checks: PASS
=== apps/app-conductor/tests/android/sprint-c5-static.test.mjs ===
Sprint C5 static checks: PASS
=== apps/app-conductor/tests/android/sprint-close-p0-static.test.mjs ===
Sprint CLOSE P0 static checks: PASS (1.0.0/10000)
=== apps/app-conductor/tests/android/sprint-close-p1-static.test.mjs ===
Sprint CLOSE P1 static checks: PASS
=== apps/app-conductor/tests/android/sprint-close-fix-static.test.mjs ===
PASS: automatic provider cache
PASS: single logout hook
PASS: no direct logout outside cleanup
PASS: evidence queue user bound
PASS: native queue user bound
PASS: offline shell summary
PASS: validated network
PASS: environment remote URL
Sprint CLOSE FIX static checks: PASS
=== apps/app-conductor/tests/android/sprint-close-fix2-static.test.mjs ===
Sprint CLOSE FIX 11-16 static checks: PASS
Unified app version OK: 1.0.0 (10000)
